·-----------------------------------------------------------|----------------------------|-------------|------------------------------·
|                    Solc version: 0.6.4                    ·  Optimizer enabled: false  ·  Runs: 200  ·  Block limit: 200000000 gas  │
····························································|····························|·············|·······························
|  Methods                                                  ·                1 gwei/gas                ·        241.46 usd/eth        │
··························|·································|·············|··············|·············|···············|···············
|  Contract               ·  Method                         ·  Min        ·  Max         ·  Avg        ·  # calls      ·  usd (avg)   │
··························|·································|·············|··············|·············|···············|···············
|  Pod                    ·  initialize                     ·     242903  ·      242915  ·     242914  ·           14  ·        0.06  │
··························|·································|·············|··············|·············|···············|···············
|  Pod                    ·  mintShares                     ·     100930  ·      118805  ·     115263  ·           15  ·        0.03  │
··························|·································|·············|··············|·············|···············|···············
|  Pod                    ·  mintSponsorship                ·          -  ·           -  ·     121751  ·            6  ·        0.03  │
··························|·································|·············|··············|·············|···············|···············
|  Pod                    ·  redeemSharesInstantly          ·          -  ·           -  ·      64641  ·            2  ·        0.02  │
··························|·································|·············|··············|·············|···············|···············
|  Pod                    ·  redeemSharesWithTimelock       ·      90153  ·      150280  ·     110259  ·            6  ·        0.03  │
··························|·································|·············|··············|·············|···············|···············
|  Pod                    ·  redeemSponsorshipInstantly     ·          -  ·           -  ·      58384  ·            2  ·        0.01  │
··························|·································|·············|··············|·············|···············|···············
|  Pod                    ·  redeemSponsorshipWithTimelock  ·          -  ·           -  ·     114026  ·            2  ·        0.03  │
··························|·································|·············|··············|·············|···············|···············
|  PodFactory             ·  createPod                      ·          -  ·           -  ·     301151  ·            2  ·        0.07  │
··························|·································|·············|··············|·············|···············|···············
|  PodFactory             ·  initialize                     ·          -  ·           -  ·    5484555  ·            1  ·        1.32  │
··························|·································|·············|··············|·············|···············|···············
|  PodSponsorship         ·  burn                           ·          -  ·           -  ·      45809  ·            2  ·        0.01  │
··························|·································|·············|··············|·············|···············|···············
|  PodSponsorship         ·  initialize                     ·     221819  ·      221831  ·     221830  ·           21  ·        0.05  │
··························|·································|·············|··············|·············|···············|···············
|  PodSponsorship         ·  mint                           ·          -  ·           -  ·      76428  ·            5  ·        0.02  │
··························|·································|·············|··············|·············|···············|···············
|  PodSponsorshipFactory  ·  createSponsorship              ·          -  ·           -  ·     271594  ·            1  ·        0.07  │
··························|·································|·············|··············|·············|···············|···············
|  PodSponsorshipFactory  ·  initialize                     ·      68869  ·     3526539  ·     334844  ·           13  ·        0.08  │
··························|·································|·············|··············|·············|···············|···············
|  Deployments                                              ·                                          ·  % of limit   ·              │
····························································|·············|··············|·············|···············|···············
|  Pod                                                      ·          -  ·           -  ·    5815664  ·        2.9 %  ·        1.40  │
····························································|·············|··············|·············|···············|···············
|  PodFactory                                               ·          -  ·           -  ·    6474899  ·        3.2 %  ·        1.56  │
····························································|·············|··············|·············|···············|···············
|  PodSponsorship                                           ·          -  ·           -  ·    3733643  ·        1.9 %  ·        0.90  │
····························································|·············|··············|·············|···············|···············
|  PodSponsorshipFactory                                    ·          -  ·           -  ·    4270638  ·        2.1 %  ·        1.03  │
·-----------------------------------------------------------|-------------|--------------|-------------|---------------|--------------·